Epoch 1/1, Loss: 1.2016077041625977
Part: back_pedal
  Accuracy: 0.9800
  Precision: 0.0000
  Recall: 0.0000
  F1 Score: 0.0000

Part: back_hand_break
  Accuracy: 0.2800
  Precision: 0.2800
  Recall: 1.0000
  F1 Score: 0.4375

Part: front_pedal
  Accuracy: 0.9500
  Precision: 0.0000
  Recall: 0.0000
  F1 Score: 0.0000

Part: front_mudguard
  Accuracy: 0.9300
  Precision: 0.0000
  Recall: 0.0000
  F1 Score: 0.0000

Part: front_light
  Accuracy: 0.4300
  Precision: 0.4184
  Recall: 1.0000
  F1 Score: 0.5899

Part: back_mudguard
  Accuracy: 0.9300
  Precision: 0.0000
  Recall: 0.0000
  F1 Score: 0.0000

Part: front_handbreak
  Accuracy: 0.7600
  Precision: 0.0000
  Recall: 0.0000
  F1 Score: 0.0000

Part: saddle
  Accuracy: 1.0000
  Precision: 1.0000
  Recall: 1.0000
  F1 Score: 1.0000

Part: dress_guard
  Accuracy: 0.2700
  Precision: 0.0000
  Recall: 0.0000
  F1 Score: 0.0000

Part: back_wheel
  Accuracy: 1.0000
  Precision: 0.0000
  Recall: 0.0000
  F1 Score: 0.0000

Part: lock
  Accuracy: 0.7000
  Precision: 1.0000
  Recall: 0.0323
  F1 Score: 0.0625

Part: back_handle
  Accuracy: 0.9600
  Precision: 0.0000
  Recall: 0.0000
  F1 Score: 0.0000

Part: chain
  Accuracy: 0.9900
  Precision: 0.0000
  Recall: 0.0000
  F1 Score: 0.0000

Part: front_handle
  Accuracy: 0.9800
  Precision: 0.0000
  Recall: 0.0000
  F1 Score: 0.0000

Part: front_wheel
  Accuracy: 0.9500
  Precision: 0.0000
  Recall: 0.0000
  F1 Score: 0.0000

Part: back_reflector
  Accuracy: 0.7800
  Precision: 0.8000
  Recall: 0.1600
  F1 Score: 0.2667

Part: kickstand
  Accuracy: 0.7500
  Precision: 0.0000
  Recall: 0.0000
  F1 Score: 0.0000

Part: bell
  Accuracy: 0.4500
  Precision: 0.4375
  Recall: 0.9767
  F1 Score: 0.6043

Part: back_light
  Accuracy: 0.5900
  Precision: 0.8000
  Recall: 0.2400
  F1 Score: 0.3692

Part: steer
  Accuracy: 1.0000
  Precision: 0.0000
  Recall: 0.0000
  F1 Score: 0.0000

Part: gear_case
  Accuracy: 0.7400
  Precision: 0.0000
  Recall: 0.0000
  F1 Score: 0.0000

Part: dynamo
  Accuracy: 0.7800
  Precision: 0.8333
  Recall: 0.7000
  F1 Score: 0.7609

Overall Accuracy: 0.7818
Overall Precision: 0.4596
Overall Recall: 0.3659
Overall F1 Score: 0.4074
