+-------------------------------+---------+
|            Metric             |  Value  |
+-------------------------------+---------+
|             Epoch             |    1    |
|          Final Loss           | 0.9660  |
|   Average Batch Time (sec)    | 0.1264  |
| Average GPU Memory Usage (MB) | 5080.06 |
| Average CPU Memory Usage (MB) | 3989.90 |
+-------------------------------+---------+
+-------------------------------+---------+
|            Metric             |  Value  |
+-------------------------------+---------+
|             Epoch             |    2    |
|          Final Loss           | 1.1318  |
|   Average Batch Time (sec)    | 0.1242  |
| Average GPU Memory Usage (MB) | 5060.52 |
| Average CPU Memory Usage (MB) | 3934.34 |
+-------------------------------+---------+
+-------------------------------+---------+
|            Metric             |  Value  |
+-------------------------------+---------+
|             Epoch             |    3    |
|          Final Loss           | 1.0552  |
|   Average Batch Time (sec)    | 0.1239  |
| Average GPU Memory Usage (MB) | 5081.31 |
| Average CPU Memory Usage (MB) | 3806.58 |
+-------------------------------+---------+
+-------------------------------+---------+
|            Metric             |  Value  |
+-------------------------------+---------+
|             Epoch             |    4    |
|          Final Loss           | 1.0419  |
|   Average Batch Time (sec)    | 0.1237  |
| Average GPU Memory Usage (MB) | 5083.61 |
| Average CPU Memory Usage (MB) | 3817.61 |
+-------------------------------+---------+
+-------------------------------+---------+
|            Metric             |  Value  |
+-------------------------------+---------+
|             Epoch             |    5    |
|          Final Loss           | 0.8668  |
|   Average Batch Time (sec)    | 0.1232  |
| Average GPU Memory Usage (MB) | 5062.33 |
| Average CPU Memory Usage (MB) | 3741.81 |
+-------------------------------+---------+
+-------------------------------+---------+
|            Metric             |  Value  |
+-------------------------------+---------+
|             Epoch             |    6    |
|          Final Loss           | 0.7598  |
|   Average Batch Time (sec)    | 0.1234  |
| Average GPU Memory Usage (MB) | 5086.70 |
| Average CPU Memory Usage (MB) | 3844.70 |
+-------------------------------+---------+
+-------------------------------+---------+
|            Metric             |  Value  |
+-------------------------------+---------+
|             Epoch             |    7    |
|          Final Loss           | 0.9074  |
|   Average Batch Time (sec)    | 0.1231  |
| Average GPU Memory Usage (MB) | 5081.72 |
| Average CPU Memory Usage (MB) | 3743.12 |
+-------------------------------+---------+
+-------------------------------+---------+
|            Metric             |  Value  |
+-------------------------------+---------+
|             Epoch             |    8    |
|          Final Loss           | 0.8225  |
|   Average Batch Time (sec)    | 0.1230  |
| Average GPU Memory Usage (MB) | 5066.54 |
| Average CPU Memory Usage (MB) | 3812.77 |
+-------------------------------+---------+
+-------------------------------+---------+
|            Metric             |  Value  |
+-------------------------------+---------+
|             Epoch             |    9    |
|          Final Loss           | 1.0126  |
|   Average Batch Time (sec)    | 0.1235  |
| Average GPU Memory Usage (MB) | 5091.04 |
| Average CPU Memory Usage (MB) | 3773.89 |
+-------------------------------+---------+
+-------------------------------+---------+
|            Metric             |  Value  |
+-------------------------------+---------+
|             Epoch             |   10    |
|          Final Loss           | 1.2730  |
|   Average Batch Time (sec)    | 0.1233  |
| Average GPU Memory Usage (MB) | 5083.77 |
| Average CPU Memory Usage (MB) | 3846.87 |
+-------------------------------+---------+
╒═════════════════╤════════════╤═════════════╤══════════╤════════════╕
│ Part            │   Accuracy │   Precision │   Recall │   F1 Score │
╞═════════════════╪════════════╪═════════════╪══════════╪════════════╡
│ back_pedal      │     0.9843 │      0      │   0      │     0      │
├─────────────────┼────────────┼─────────────┼──────────┼────────────┤
│ back_hand_break │     0.7759 │      0.9318 │   0.3744 │     0.5342 │
├─────────────────┼────────────┼─────────────┼──────────┼────────────┤
│ front_pedal     │     0.989  │      0      │   0      │     0      │
├─────────────────┼────────────┼─────────────┼──────────┼────────────┤
│ front_mudguard  │     0.9483 │      1      │   0.0294 │     0.0571 │
├─────────────────┼────────────┼─────────────┼──────────┼────────────┤
│ front_light     │     0.8135 │      0.8729 │   0.4976 │     0.6338 │
├─────────────────┼────────────┼─────────────┼──────────┼────────────┤
│ back_mudguard   │     0.9545 │      0      │   0      │     0      │
├─────────────────┼────────────┼─────────────┼──────────┼────────────┤
│ front_handbreak │     0.7868 │      0.939  │   0.3702 │     0.531  │
├─────────────────┼────────────┼─────────────┼──────────┼────────────┤
│ saddle          │     0.9922 │      1      │   0.2857 │     0.4444 │
├─────────────────┼────────────┼─────────────┼──────────┼────────────┤
│ dress_guard     │     0.4561 │      0.9925 │   0.2762 │     0.4321 │
├─────────────────┼────────────┼─────────────┼──────────┼────────────┤
│ back_wheel      │     1      │      0      │   0      │     0      │
├─────────────────┼────────────┼─────────────┼──────────┼────────────┤
│ lock            │     0.826  │      0.9762 │   0.2715 │     0.4249 │
├─────────────────┼────────────┼─────────────┼──────────┼────────────┤
│ back_handle     │     0.9561 │      0      │   0      │     0      │
├─────────────────┼────────────┼─────────────┼──────────┼────────────┤
│ chain           │     0.989  │      0      │   0      │     0      │
├─────────────────┼────────────┼─────────────┼──────────┼────────────┤
│ front_handle    │     0.9514 │      0      │   0      │     0      │
├─────────────────┼────────────┼─────────────┼──────────┼────────────┤
│ front_wheel     │     0.9922 │      0      │   0      │     0      │
├─────────────────┼────────────┼─────────────┼──────────┼────────────┤
│ back_reflector  │     0.8354 │      0.925  │   0.2662 │     0.4134 │
├─────────────────┼────────────┼─────────────┼──────────┼────────────┤
│ kickstand       │     0.8354 │      0      │   0      │     0      │
├─────────────────┼────────────┼─────────────┼──────────┼────────────┤
│ bell            │     0.5658 │      0.7288 │   0.1414 │     0.2369 │
├─────────────────┼────────────┼─────────────┼──────────┼────────────┤
│ back_light      │     0.8871 │      0.9689 │   0.7955 │     0.8737 │
├─────────────────┼────────────┼─────────────┼──────────┼────────────┤
│ steer           │     0.9937 │      0      │   0      │     0      │
├─────────────────┼────────────┼─────────────┼──────────┼────────────┤
│ gear_case       │     0.8166 │      0      │   0      │     0      │
├─────────────────┼────────────┼─────────────┼──────────┼────────────┤
│ dynamo          │     0.7712 │      0.955  │   0.6092 │     0.7439 │
╘═════════════════╧════════════╧═════════════╧══════════╧════════════╛

Overall Metrics:
╒════════════╤═════════════╤══════════╤════════════╕
│   Accuracy │   Precision │   Recall │   F1 Score │
╞════════════╪═════════════╪══════════╪════════════╡
│     0.8691 │      0.9288 │   0.3572 │     0.5159 │
╘════════════╧═════════════╧══════════╧════════════╛
