+-------------------------------+---------+
|            Metric             |  Value  |
+-------------------------------+---------+
|             Epoch             |    1    |
|          Final Loss           | 0.6583  |
|   Average Batch Time (sec)    | 0.0995  |
| Average GPU Memory Usage (MB) | 1870.00 |
| Average CPU Memory Usage (MB) | 3847.63 |
+-------------------------------+---------+
+-------------------------------+---------+
|            Metric             |  Value  |
+-------------------------------+---------+
|             Epoch             |    2    |
|          Final Loss           | 0.8739  |
|   Average Batch Time (sec)    | 0.0960  |
| Average GPU Memory Usage (MB) | 1862.88 |
| Average CPU Memory Usage (MB) | 3769.81 |
+-------------------------------+---------+
+-------------------------------+---------+
|            Metric             |  Value  |
+-------------------------------+---------+
|             Epoch             |    3    |
|          Final Loss           | 1.0937  |
|   Average Batch Time (sec)    | 0.0963  |
| Average GPU Memory Usage (MB) | 1868.30 |
| Average CPU Memory Usage (MB) | 3802.10 |
+-------------------------------+---------+
+-------------------------------+---------+
|            Metric             |  Value  |
+-------------------------------+---------+
|             Epoch             |    4    |
|          Final Loss           | 0.6551  |
|   Average Batch Time (sec)    | 0.0960  |
| Average GPU Memory Usage (MB) | 1871.89 |
| Average CPU Memory Usage (MB) | 3833.93 |
+-------------------------------+---------+
+-------------------------------+---------+
|            Metric             |  Value  |
+-------------------------------+---------+
|             Epoch             |    5    |
|          Final Loss           | 0.8120  |
|   Average Batch Time (sec)    | 0.0961  |
| Average GPU Memory Usage (MB) | 1866.68 |
| Average CPU Memory Usage (MB) | 3839.85 |
+-------------------------------+---------+
+-------------------------------+---------+
|            Metric             |  Value  |
+-------------------------------+---------+
|             Epoch             |    6    |
|          Final Loss           | 0.6187  |
|   Average Batch Time (sec)    | 0.0958  |
| Average GPU Memory Usage (MB) | 1872.68 |
| Average CPU Memory Usage (MB) | 3959.72 |
+-------------------------------+---------+
+-------------------------------+---------+
|            Metric             |  Value  |
+-------------------------------+---------+
|             Epoch             |    7    |
|          Final Loss           | 0.7526  |
|   Average Batch Time (sec)    | 0.0955  |
| Average GPU Memory Usage (MB) | 1856.80 |
| Average CPU Memory Usage (MB) | 3966.33 |
+-------------------------------+---------+
+-------------------------------+---------+
|            Metric             |  Value  |
+-------------------------------+---------+
|             Epoch             |    8    |
|          Final Loss           | 0.8047  |
|   Average Batch Time (sec)    | 0.0965  |
| Average GPU Memory Usage (MB) | 1870.44 |
| Average CPU Memory Usage (MB) | 3935.12 |
+-------------------------------+---------+
+-------------------------------+---------+
|            Metric             |  Value  |
+-------------------------------+---------+
|             Epoch             |    9    |
|          Final Loss           | 0.8195  |
|   Average Batch Time (sec)    | 0.0957  |
| Average GPU Memory Usage (MB) | 1861.35 |
| Average CPU Memory Usage (MB) | 3952.30 |
+-------------------------------+---------+
+-------------------------------+---------+
|            Metric             |  Value  |
+-------------------------------+---------+
|             Epoch             |   10    |
|          Final Loss           | 0.7626  |
|   Average Batch Time (sec)    | 0.0961  |
| Average GPU Memory Usage (MB) | 1871.36 |
| Average CPU Memory Usage (MB) | 3924.16 |
+-------------------------------+---------+
╒═════════════════╤════════════╤═════════════╤══════════╤════════════╕
│ Part            │   Accuracy │   Precision │   Recall │   F1 Score │
╞═════════════════╪════════════╪═════════════╪══════════╪════════════╡
│ back_pedal      │     0.7257 │      0.8958 │   0.526  │     0.6628 │
├─────────────────┼────────────┼─────────────┼──────────┼────────────┤
│ back_hand_break │     0.7382 │      0.949  │   0.4838 │     0.6409 │
├─────────────────┼────────────┼─────────────┼──────────┼────────────┤
│ front_pedal     │     0.9718 │      1      │   0.0526 │     0.1    │
├─────────────────┼────────────┼─────────────┼──────────┼────────────┤
│ front_mudguard  │     0.9404 │      1      │   0.0952 │     0.1739 │
├─────────────────┼────────────┼─────────────┼──────────┼────────────┤
│ front_light     │     0.8072 │      0.9478 │   0.4823 │     0.6393 │
├─────────────────┼────────────┼─────────────┼──────────┼────────────┤
│ back_mudguard   │     0.9122 │      1      │   0.2911 │     0.451  │
├─────────────────┼────────────┼─────────────┼──────────┼────────────┤
│ front_handbreak │     0.8025 │      0.944  │   0.4979 │     0.6519 │
├─────────────────┼────────────┼─────────────┼──────────┼────────────┤
│ saddle          │     0.8809 │      1      │   0.2621 │     0.4154 │
├─────────────────┼────────────┼─────────────┼──────────┼────────────┤
│ dress_guard     │     0.6646 │      0.99   │   0.5855 │     0.7358 │
├─────────────────┼────────────┼─────────────┼──────────┼────────────┤
│ back_wheel      │     0.9326 │      0      │   0      │     0      │
├─────────────────┼────────────┼─────────────┼──────────┼────────────┤
│ lock            │     0.7853 │      0.9552 │   0.3232 │     0.483  │
├─────────────────┼────────────┼─────────────┼──────────┼────────────┤
│ back_handle     │     0.7696 │      0.9583 │   0.1361 │     0.2383 │
├─────────────────┼────────────┼─────────────┼──────────┼────────────┤
│ chain           │     0.5502 │      1      │   0.3551 │     0.524  │
├─────────────────┼────────────┼─────────────┼──────────┼────────────┤
│ front_handle    │     0.9248 │      0      │   0      │     0      │
├─────────────────┼────────────┼─────────────┼──────────┼────────────┤
│ front_wheel     │     0.837  │      1      │   0.0545 │     0.1034 │
├─────────────────┼────────────┼─────────────┼──────────┼────────────┤
│ back_reflector  │     0.7586 │      0.9683 │   0.2864 │     0.442  │
├─────────────────┼────────────┼─────────────┼──────────┼────────────┤
│ kickstand       │     0.8103 │      0.885  │   0.4808 │     0.6231 │
├─────────────────┼────────────┼─────────────┼──────────┼────────────┤
│ bell            │     0.6332 │      0.8318 │   0.6088 │     0.703  │
├─────────────────┼────────────┼─────────────┼──────────┼────────────┤
│ back_light      │     0.8464 │      0.9793 │   0.7182 │     0.8287 │
├─────────────────┼────────────┼─────────────┼──────────┼────────────┤
│ steer           │     0.9357 │      0      │   0      │     0      │
├─────────────────┼────────────┼─────────────┼──────────┼────────────┤
│ gear_case       │     0.837  │      1      │   0.2925 │     0.4526 │
├─────────────────┼────────────┼─────────────┼──────────┼────────────┤
│ dynamo          │     0.7743 │      0.9725 │   0.6442 │     0.775  │
╘═════════════════╧════════════╧═════════════╧══════════╧════════════╛

Overall Metrics:
╒════════════╤═════════════╤══════════╤════════════╕
│   Accuracy │   Precision │   Recall │   F1 Score │
╞════════════╪═════════════╪══════════╪════════════╡
│     0.8108 │      0.9413 │   0.4564 │     0.6147 │
╘════════════╧═════════════╧══════════╧════════════╛
