+-------------------------------+---------+
|            Metric             |  Value  |
+-------------------------------+---------+
|             Epoch             |    1    |
|          Final Loss           | 1.1553  |
|   Average Batch Time (sec)    | 0.1135  |
| Average GPU Memory Usage (MB) | 1484.26 |
| Average CPU Memory Usage (MB) | 3986.64 |
+-------------------------------+---------+
+-------------------------------+---------+
|            Metric             |  Value  |
+-------------------------------+---------+
|             Epoch             |    2    |
|          Final Loss           | 0.9790  |
|   Average Batch Time (sec)    | 0.1087  |
| Average GPU Memory Usage (MB) | 1484.39 |
| Average CPU Memory Usage (MB) | 4082.56 |
+-------------------------------+---------+
+-------------------------------+---------+
|            Metric             |  Value  |
+-------------------------------+---------+
|             Epoch             |    3    |
|          Final Loss           | 0.8292  |
|   Average Batch Time (sec)    | 0.1060  |
| Average GPU Memory Usage (MB) | 1484.39 |
| Average CPU Memory Usage (MB) | 3874.73 |
+-------------------------------+---------+
+-------------------------------+---------+
|            Metric             |  Value  |
+-------------------------------+---------+
|             Epoch             |    4    |
|          Final Loss           | 1.0750  |
|   Average Batch Time (sec)    | 0.1041  |
| Average GPU Memory Usage (MB) | 1484.40 |
| Average CPU Memory Usage (MB) | 3873.63 |
+-------------------------------+---------+
+-------------------------------+---------+
|            Metric             |  Value  |
+-------------------------------+---------+
|             Epoch             |    5    |
|          Final Loss           | 0.8853  |
|   Average Batch Time (sec)    | 0.1046  |
| Average GPU Memory Usage (MB) | 1484.39 |
| Average CPU Memory Usage (MB) | 3884.01 |
+-------------------------------+---------+
+-------------------------------+---------+
|            Metric             |  Value  |
+-------------------------------+---------+
|             Epoch             |    6    |
|          Final Loss           | 1.0433  |
|   Average Batch Time (sec)    | 0.1062  |
| Average GPU Memory Usage (MB) | 1484.40 |
| Average CPU Memory Usage (MB) | 3938.98 |
+-------------------------------+---------+
+-------------------------------+---------+
|            Metric             |  Value  |
+-------------------------------+---------+
|             Epoch             |    7    |
|          Final Loss           | 1.0128  |
|   Average Batch Time (sec)    | 0.1043  |
| Average GPU Memory Usage (MB) | 1484.39 |
| Average CPU Memory Usage (MB) | 3931.66 |
+-------------------------------+---------+
+-------------------------------+---------+
|            Metric             |  Value  |
+-------------------------------+---------+
|             Epoch             |    8    |
|          Final Loss           | 1.2142  |
|   Average Batch Time (sec)    | 0.1043  |
| Average GPU Memory Usage (MB) | 1484.39 |
| Average CPU Memory Usage (MB) | 4030.16 |
+-------------------------------+---------+
+-------------------------------+---------+
|            Metric             |  Value  |
+-------------------------------+---------+
|             Epoch             |    9    |
|          Final Loss           | 0.6889  |
|   Average Batch Time (sec)    | 0.1023  |
| Average GPU Memory Usage (MB) | 1484.41 |
| Average CPU Memory Usage (MB) | 3963.21 |
+-------------------------------+---------+
+-------------------------------+---------+
|            Metric             |  Value  |
+-------------------------------+---------+
|             Epoch             |   10    |
|          Final Loss           | 0.7424  |
|   Average Batch Time (sec)    | 0.1024  |
| Average GPU Memory Usage (MB) | 1484.39 |
| Average CPU Memory Usage (MB) | 3963.57 |
+-------------------------------+---------+
╒═════════════════╤════════════╤═════════════╤══════════╤════════════╕
│ Part            │   Accuracy │   Precision │   Recall │   F1 Score │
╞═════════════════╪════════════╪═════════════╪══════════╪════════════╡
│ back_pedal      │     0.7445 │      0.9271 │   0.5443 │     0.6859 │
├─────────────────┼────────────┼─────────────┼──────────┼────────────┤
│ back_hand_break │     0.7038 │      0.9343 │   0.4156 │     0.5753 │
├─────────────────┼────────────┼─────────────┼──────────┼────────────┤
│ front_pedal     │     0.9718 │      1      │   0.0526 │     0.1    │
├─────────────────┼────────────┼─────────────┼──────────┼────────────┤
│ front_mudguard  │     0.9451 │      0.8889 │   0.1905 │     0.3137 │
├─────────────────┼────────────┼─────────────┼──────────┼────────────┤
│ front_light     │     0.8542 │      0.903  │   0.6593 │     0.7621 │
├─────────────────┼────────────┼─────────────┼──────────┼────────────┤
│ back_mudguard   │     0.8966 │      1      │   0.1646 │     0.2826 │
├─────────────────┼────────────┼─────────────┼──────────┼────────────┤
│ front_handbreak │     0.826  │      0.9437 │   0.5654 │     0.7071 │
├─────────────────┼────────────┼─────────────┼──────────┼────────────┤
│ saddle          │     0.8793 │      1      │   0.2524 │     0.4031 │
├─────────────────┼────────────┼─────────────┼──────────┼────────────┤
│ dress_guard     │     0.9185 │      0.9872 │   0.9096 │     0.9468 │
├─────────────────┼────────────┼─────────────┼──────────┼────────────┤
│ back_wheel      │     0.9326 │      0      │   0      │     0      │
├─────────────────┼────────────┼─────────────┼──────────┼────────────┤
│ lock            │     0.7931 │      0.9459 │   0.3535 │     0.5147 │
├─────────────────┼────────────┼─────────────┼──────────┼────────────┤
│ back_handle     │     0.7853 │      0.9211 │   0.2071 │     0.3382 │
├─────────────────┼────────────┼─────────────┼──────────┼────────────┤
│ chain           │     0.6755 │      1      │   0.5348 │     0.6969 │
├─────────────────┼────────────┼─────────────┼──────────┼────────────┤
│ front_handle    │     0.9248 │      0      │   0      │     0      │
├─────────────────┼────────────┼─────────────┼──────────┼────────────┤
│ front_wheel     │     0.8307 │      1      │   0.0182 │     0.0357 │
├─────────────────┼────────────┼─────────────┼──────────┼────────────┤
│ back_reflector  │     0.7759 │      0.9375 │   0.3521 │     0.5119 │
├─────────────────┼────────────┼─────────────┼──────────┼────────────┤
│ kickstand       │     0.8354 │      0.9328 │   0.5337 │     0.6789 │
├─────────────────┼────────────┼─────────────┼──────────┼────────────┤
│ bell            │     0.6113 │      0.8791 │   0.5275 │     0.6593 │
├─────────────────┼────────────┼─────────────┼──────────┼────────────┤
│ back_light      │     0.873  │      0.9698 │   0.7788 │     0.8639 │
├─────────────────┼────────────┼─────────────┼──────────┼────────────┤
│ steer           │     0.9357 │      0      │   0      │     0      │
├─────────────────┼────────────┼─────────────┼──────────┼────────────┤
│ gear_case       │     0.8401 │      1      │   0.3061 │     0.4688 │
├─────────────────┼────────────┼─────────────┼──────────┼────────────┤
│ dynamo          │     0.9138 │      0.9661 │   0.8883 │     0.9256 │
╘═════════════════╧════════════╧═════════════╧══════════╧════════════╛

Overall Metrics:
╒════════════╤═════════════╤══════════╤════════════╕
│   Accuracy │   Precision │   Recall │   F1 Score │
╞════════════╪═════════════╪══════════╪════════════╡
│     0.8394 │      0.9516 │   0.5419 │     0.6906 │
╘════════════╧═════════════╧══════════╧════════════╛
