+-------------------------------+---------+
|            Metric             |  Value  |
+-------------------------------+---------+
|             Epoch             |    1    |
|          Final Loss           | 0.9475  |
|   Average Batch Time (sec)    | 0.1193  |
| Average GPU Memory Usage (MB) | 1872.30 |
| Average CPU Memory Usage (MB) | 2335.75 |
+-------------------------------+---------+
╒═════════════════╤════════════╤═════════════╤══════════╤════════════╕
│ Part            │   Accuracy │   Precision │   Recall │   F1 Score │
╞═════════════════╪════════════╪═════════════╪══════════╪════════════╡
│ back_pedal      │     0.985  │      0      │   0      │     0      │
├─────────────────┼────────────┼─────────────┼──────────┼────────────┤
│ back_hand_break │     0.6671 │      0.8684 │   0.059  │     0.1106 │
├─────────────────┼────────────┼─────────────┼──────────┼────────────┤
│ front_pedal     │     0.9875 │      0      │   0      │     0      │
├─────────────────┼────────────┼─────────────┼──────────┼────────────┤
│ front_mudguard  │     0.9304 │      0      │   0      │     0      │
├─────────────────┼────────────┼─────────────┼──────────┼────────────┤
│ front_light     │     0.8025 │      0.8623 │   0.5415 │     0.6652 │
├─────────────────┼────────────┼─────────────┼──────────┼────────────┤
│ back_mudguard   │     0.953  │      0      │   0      │     0      │
├─────────────────┼────────────┼─────────────┼──────────┼────────────┤
│ front_handbreak │     0.6784 │      0.8511 │   0.0733 │     0.1349 │
├─────────────────┼────────────┼─────────────┼──────────┼────────────┤
│ saddle          │     0.9931 │      0.9655 │   0.7368 │     0.8358 │
├─────────────────┼────────────┼─────────────┼──────────┼────────────┤
│ dress_guard     │     0.5511 │      0.9879 │   0.4073 │     0.5768 │
├─────────────────┼────────────┼─────────────┼──────────┼────────────┤
│ back_wheel      │     0.9987 │      0      │   0      │     0      │
├─────────────────┼────────────┼─────────────┼──────────┼────────────┤
│ lock            │     0.7586 │      0.875  │   0.0353 │     0.0678 │
├─────────────────┼────────────┼─────────────┼──────────┼────────────┤
│ back_handle     │     0.9636 │      0.3333 │   0.0175 │     0.0333 │
├─────────────────┼────────────┼─────────────┼──────────┼────────────┤
│ chain           │     0.9875 │      0      │   0      │     0      │
├─────────────────┼────────────┼─────────────┼──────────┼────────────┤
│ front_handle    │     0.9555 │      0      │   0      │     0      │
├─────────────────┼────────────┼─────────────┼──────────┼────────────┤
│ front_wheel     │     0.9962 │      0      │   0      │     0      │
├─────────────────┼────────────┼─────────────┼──────────┼────────────┤
│ back_reflector  │     0.8483 │      0.748  │   0.3115 │     0.4398 │
├─────────────────┼────────────┼─────────────┼──────────┼────────────┤
│ kickstand       │     0.8232 │      0      │   0      │     0      │
├─────────────────┼────────────┼─────────────┼──────────┼────────────┤
│ bell            │     0.5172 │      0.7391 │   0.0429 │     0.0811 │
├─────────────────┼────────────┼─────────────┼──────────┼────────────┤
│ back_light      │     0.7755 │      0.9146 │   0.5807 │     0.7104 │
├─────────────────┼────────────┼─────────────┼──────────┼────────────┤
│ steer           │     0.9962 │      1      │   0.1429 │     0.25   │
├─────────────────┼────────────┼─────────────┼──────────┼────────────┤
│ gear_case       │     0.8157 │      0      │   0      │     0      │
├─────────────────┼────────────┼─────────────┼──────────┼────────────┤
│ dynamo          │     0.7436 │      0.9393 │   0.5416 │     0.6871 │
╘═════════════════╧════════════╧═════════════╧══════════╧════════════╛

Overall Metrics:
╒════════════╤═════════════╤══════════╤════════════╕
│   Accuracy │   Precision │   Recall │   F1 Score │
╞════════════╪═════════════╪══════════╪════════════╡
│     0.8513 │      0.9051 │   0.2784 │     0.4258 │
╘════════════╧═════════════╧══════════╧════════════╛
