+-------------------------------+---------+
|            Metric             |  Value  |
+-------------------------------+---------+
|             Epoch             |    1    |
|          Final Loss           | 1.4313  |
|   Average Batch Time (sec)    | 0.2821  |
| Average GPU Memory Usage (MB) | 1033.36 |
| Average CPU Memory Usage (MB) | 3271.79 |
+-------------------------------+---------+
+-------------------------------+---------+
|            Metric             |  Value  |
+-------------------------------+---------+
|             Epoch             |    2    |
|          Final Loss           | 1.1582  |
|   Average Batch Time (sec)    | 0.2699  |
| Average GPU Memory Usage (MB) | 1718.11 |
| Average CPU Memory Usage (MB) | 3719.14 |
+-------------------------------+---------+
+-------------------------------+---------+
|            Metric             |  Value  |
+-------------------------------+---------+
|             Epoch             |    3    |
|          Final Loss           | 1.1671  |
|   Average Batch Time (sec)    | 0.2684  |
| Average GPU Memory Usage (MB) | 1719.59 |
| Average CPU Memory Usage (MB) | 3687.14 |
+-------------------------------+---------+
+-------------------------------+---------+
|            Metric             |  Value  |
+-------------------------------+---------+
|             Epoch             |    4    |
|          Final Loss           | 1.0566  |
|   Average Batch Time (sec)    | 0.2698  |
| Average GPU Memory Usage (MB) | 1701.17 |
| Average CPU Memory Usage (MB) | 3708.52 |
+-------------------------------+---------+
+-------------------------------+---------+
|            Metric             |  Value  |
+-------------------------------+---------+
|             Epoch             |    5    |
|          Final Loss           | 0.9344  |
|   Average Batch Time (sec)    | 0.2709  |
| Average GPU Memory Usage (MB) | 1716.15 |
| Average CPU Memory Usage (MB) | 3733.33 |
+-------------------------------+---------+
+-------------------------------+---------+
|            Metric             |  Value  |
+-------------------------------+---------+
|             Epoch             |    6    |
|          Final Loss           | 0.8678  |
|   Average Batch Time (sec)    | 0.2691  |
| Average GPU Memory Usage (MB) | 1645.28 |
| Average CPU Memory Usage (MB) | 3656.65 |
+-------------------------------+---------+
+-------------------------------+---------+
|            Metric             |  Value  |
+-------------------------------+---------+
|             Epoch             |    7    |
|          Final Loss           | 0.8665  |
|   Average Batch Time (sec)    | 0.2668  |
| Average GPU Memory Usage (MB) |  98.56  |
| Average CPU Memory Usage (MB) | 2270.83 |
+-------------------------------+---------+
+-------------------------------+---------+
|            Metric             |  Value  |
+-------------------------------+---------+
|             Epoch             |    8    |
|          Final Loss           | 0.8004  |
|   Average Batch Time (sec)    | 0.2670  |
| Average GPU Memory Usage (MB) |  98.56  |
| Average CPU Memory Usage (MB) | 2308.14 |
+-------------------------------+---------+
+-------------------------------+---------+
|            Metric             |  Value  |
+-------------------------------+---------+
|             Epoch             |    9    |
|          Final Loss           | 0.8351  |
|   Average Batch Time (sec)    | 0.2651  |
| Average GPU Memory Usage (MB) |  98.56  |
| Average CPU Memory Usage (MB) | 2355.81 |
+-------------------------------+---------+
+-------------------------------+---------+
|            Metric             |  Value  |
+-------------------------------+---------+
|             Epoch             |   10    |
|          Final Loss           | 0.8750  |
|   Average Batch Time (sec)    | 0.2650  |
| Average GPU Memory Usage (MB) |  98.56  |
| Average CPU Memory Usage (MB) | 2330.72 |
+-------------------------------+---------+
╒═════════════════╤════════════╤═════════════╤══════════╤════════════╕
│ Part            │   Accuracy │   Precision │   Recall │   F1 Score │
╞═════════════════╪════════════╪═════════════╪══════════╪════════════╡
│ back_pedal      │      0.5   │      1      │   0.1667 │     0.2857 │
├─────────────────┼────────────┼─────────────┼──────────┼────────────┤
│ back_hand_break │      0.85  │      1      │   0.6471 │     0.7857 │
├─────────────────┼────────────┼─────────────┼──────────┼────────────┤
│ front_pedal     │      0.975 │      0      │   0      │     0      │
├─────────────────┼────────────┼─────────────┼──────────┼────────────┤
│ front_mudguard  │      0.95  │      0      │   0      │     0      │
├─────────────────┼────────────┼─────────────┼──────────┼────────────┤
│ front_light     │      0.6   │      1      │   0.1111 │     0.2    │
├─────────────────┼────────────┼─────────────┼──────────┼────────────┤
│ back_mudguard   │      0.825 │      0      │   0      │     0      │
├─────────────────┼────────────┼─────────────┼──────────┼────────────┤
│ front_handbreak │      0.575 │      1      │   0.0556 │     0.1053 │
├─────────────────┼────────────┼─────────────┼──────────┼────────────┤
│ saddle          │      0.925 │      1      │   0.5    │     0.6667 │
├─────────────────┼────────────┼─────────────┼──────────┼────────────┤
│ dress_guard     │      0.175 │      1      │   0.0294 │     0.0571 │
├─────────────────┼────────────┼─────────────┼──────────┼────────────┤
│ back_wheel      │      1     │      0      │   0      │     0      │
├─────────────────┼────────────┼─────────────┼──────────┼────────────┤
│ lock            │      0.675 │      1      │   0.2353 │     0.381  │
├─────────────────┼────────────┼─────────────┼──────────┼────────────┤
│ back_handle     │      0.825 │      0      │   0      │     0      │
├─────────────────┼────────────┼─────────────┼──────────┼────────────┤
│ chain           │      0.425 │      1      │   0.0417 │     0.08   │
├─────────────────┼────────────┼─────────────┼──────────┼────────────┤
│ front_handle    │      0.85  │      0      │   0      │     0      │
├─────────────────┼────────────┼─────────────┼──────────┼────────────┤
│ front_wheel     │      0.975 │      0      │   0      │     0      │
├─────────────────┼────────────┼─────────────┼──────────┼────────────┤
│ back_reflector  │      0.7   │      1      │   0.4286 │     0.6    │
├─────────────────┼────────────┼─────────────┼──────────┼────────────┤
│ kickstand       │      0.6   │      0      │   0      │     0      │
├─────────────────┼────────────┼─────────────┼──────────┼────────────┤
│ bell            │      0.7   │      0.9333 │   0.56   │     0.7    │
├─────────────────┼────────────┼─────────────┼──────────┼────────────┤
│ back_light      │      0.85  │      1      │   0.75   │     0.8571 │
├─────────────────┼────────────┼─────────────┼──────────┼────────────┤
│ steer           │      0.95  │      0      │   0      │     0      │
├─────────────────┼────────────┼─────────────┼──────────┼────────────┤
│ gear_case       │      0.625 │      0      │   0      │     0      │
├─────────────────┼────────────┼─────────────┼──────────┼────────────┤
│ dynamo          │      0.5   │      1      │   0.0909 │     0.1667 │
╘═════════════════╧════════════╧═════════════╧══════════╧════════════╛

Overall Metrics:
╒════════════╤═════════════╤══════════╤════════════╕
│   Accuracy │   Precision │   Recall │   F1 Score │
╞════════════╪═════════════╪══════════╪════════════╡
│     0.7295 │      0.9859 │    0.228 │     0.3704 │
╘════════════╧═════════════╧══════════╧════════════╛
